Copyright 1986-2020 Xilinx, Inc. All Rights Reserved.
-----------------------------------------------------------------------------------------------------------------------------------------------------------------------------
| Tool Version : Vivado v.2020.2 (lin64) Build 3064766 Wed Nov 18 09:12:47 MST 2020
| Date         : Tue Nov 15 20:26:45 2022
| Host         : DESKTOP-7ILI8OM running 64-bit Ubuntu 20.04.5 LTS
| Command      : report_methodology -file riscv_wrapper_methodology_drc_routed.rpt -pb riscv_wrapper_methodology_drc_routed.pb -rpx riscv_wrapper_methodology_drc_routed.rpx
| Design       : riscv_wrapper
| Device       : xc7a100tcsg324-1
| Speed File   : -1
| Design State : Fully Routed
-----------------------------------------------------------------------------------------------------------------------------------------------------------------------------

Report Methodology

Table of Contents
-----------------
1. REPORT SUMMARY
2. REPORT DETAILS

1. REPORT SUMMARY
-----------------
            Netlist: netlist
          Floorplan: design_1
      Design limits: <entire design considered>
             Max violations: <unlimited>
             Violations found: 39
+-----------+----------+-------------------------------------------------+------------+
| Rule      | Severity | Description                                     | Violations |
+-----------+----------+-------------------------------------------------+------------+
| LUTAR-1   | Warning  | LUT drives async reset alert                    | 3          |
| PDRC-190  | Warning  | Suboptimally placed synchronized register chain | 12         |
| TIMING-9  | Warning  | Unknown CDC Logic                               | 1          |
| TIMING-10 | Warning  | Missing property on synchronizer                | 1          |
| ULMTCS-1  | Warning  | Control Sets use limits recommend reduction     | 1          |
| XDCB-5    | Warning  | Runtime inefficient way to find pin objects     | 1          |
| REQP-1959 | Advisory | connects_SERDES_RST_driver_not_FF               | 16         |
| XDCB-6    | Advisory | Timing constraint pointing to hierarchical pins | 4          |
+-----------+----------+-------------------------------------------------+------------+

2. REPORT DETAILS
-----------------
LUTAR-1#1 Warning
LUT drives async reset alert  
LUT cell riscv_i/DDR/mig_7series_0/u_riscv_mig_7series_0_0_mig/u_iodelay_ctrl/rstdiv2_sync_r[11]_i_1, with 2 or more inputs, drives asynchronous preset/clear pin(s) riscv_i/DDR/mig_7series_0/u_riscv_mig_7series_0_0_mig/u_ddr2_infrastructure/rstdiv0_sync_r1_reg/PRE,
riscv_i/DDR/mig_7series_0/u_riscv_mig_7series_0_0_mig/u_ddr2_infrastructure/rstdiv0_sync_r1_reg_rep/PRE,
riscv_i/DDR/mig_7series_0/u_riscv_mig_7series_0_0_mig/u_ddr2_infrastructure/rstdiv0_sync_r1_reg_rep__0/PRE,
riscv_i/DDR/mig_7series_0/u_riscv_mig_7series_0_0_mig/u_ddr2_infrastructure/rstdiv0_sync_r1_reg_rep__1/PRE,
riscv_i/DDR/mig_7series_0/u_riscv_mig_7series_0_0_mig/u_ddr2_infrastructure/rstdiv0_sync_r1_reg_rep__10/PRE,
riscv_i/DDR/mig_7series_0/u_riscv_mig_7series_0_0_mig/u_ddr2_infrastructure/rstdiv0_sync_r1_reg_rep__11/PRE,
riscv_i/DDR/mig_7series_0/u_riscv_mig_7series_0_0_mig/u_ddr2_infrastructure/rstdiv0_sync_r1_reg_rep__12/PRE,
riscv_i/DDR/mig_7series_0/u_riscv_mig_7series_0_0_mig/u_ddr2_infrastructure/rstdiv0_sync_r1_reg_rep__13/PRE,
riscv_i/DDR/mig_7series_0/u_riscv_mig_7series_0_0_mig/u_ddr2_infrastructure/rstdiv0_sync_r1_reg_rep__14/PRE,
riscv_i/DDR/mig_7series_0/u_riscv_mig_7series_0_0_mig/u_ddr2_infrastructure/rstdiv0_sync_r1_reg_rep__2/PRE,
riscv_i/DDR/mig_7series_0/u_riscv_mig_7series_0_0_mig/u_ddr2_infrastructure/rstdiv0_sync_r1_reg_rep__3/PRE,
riscv_i/DDR/mig_7series_0/u_riscv_mig_7series_0_0_mig/u_ddr2_infrastructure/rstdiv0_sync_r1_reg_rep__4/PRE,
riscv_i/DDR/mig_7series_0/u_riscv_mig_7series_0_0_mig/u_ddr2_infrastructure/rstdiv0_sync_r1_reg_rep__5/PRE,
riscv_i/DDR/mig_7series_0/u_riscv_mig_7series_0_0_mig/u_ddr2_infrastructure/rstdiv0_sync_r1_reg_rep__6/PRE,
riscv_i/DDR/mig_7series_0/u_riscv_mig_7series_0_0_mig/u_ddr2_infrastructure/rstdiv0_sync_r1_reg_rep__7/PRE
 (the first 15 of 29 listed). The LUT may glitch and trigger an unexpected reset, even if it is a properly timed path.
Related violations: <none>

LUTAR-1#2 Warning
LUT drives async reset alert  
LUT cell riscv_i/IO/XADC/inst/AXI_XADC_CORE_I/Inst_drp_arbiter/XADC_INST_i_1, with 2 or more inputs, drives asynchronous preset/clear pin(s) riscv_i/IO/XADC/inst/AXI_XADC_CORE_I/Inst_drp_arbiter/FSM_sequential_state_reg[0]/CLR,
riscv_i/IO/XADC/inst/AXI_XADC_CORE_I/Inst_drp_arbiter/FSM_sequential_state_reg[1]/CLR,
riscv_i/IO/XADC/inst/AXI_XADC_CORE_I/Inst_drp_arbiter/daddr_C_reg_reg[0]/CLR,
riscv_i/IO/XADC/inst/AXI_XADC_CORE_I/Inst_drp_arbiter/daddr_C_reg_reg[1]/CLR,
riscv_i/IO/XADC/inst/AXI_XADC_CORE_I/Inst_drp_arbiter/daddr_C_reg_reg[2]/CLR,
riscv_i/IO/XADC/inst/AXI_XADC_CORE_I/Inst_drp_arbiter/daddr_C_reg_reg[3]/CLR,
riscv_i/IO/XADC/inst/AXI_XADC_CORE_I/Inst_drp_arbiter/daddr_C_reg_reg[4]/CLR,
riscv_i/IO/XADC/inst/AXI_XADC_CORE_I/Inst_drp_arbiter/daddr_C_reg_reg[5]/CLR,
riscv_i/IO/XADC/inst/AXI_XADC_CORE_I/Inst_drp_arbiter/daddr_C_reg_reg[6]/CLR,
riscv_i/IO/XADC/inst/AXI_XADC_CORE_I/Inst_drp_arbiter/daddr_reg_reg[0]/CLR,
riscv_i/IO/XADC/inst/AXI_XADC_CORE_I/Inst_drp_arbiter/daddr_reg_reg[1]/CLR,
riscv_i/IO/XADC/inst/AXI_XADC_CORE_I/Inst_drp_arbiter/daddr_reg_reg[2]/CLR,
riscv_i/IO/XADC/inst/AXI_XADC_CORE_I/Inst_drp_arbiter/daddr_reg_reg[3]/CLR,
riscv_i/IO/XADC/inst/AXI_XADC_CORE_I/Inst_drp_arbiter/daddr_reg_reg[4]/CLR,
riscv_i/IO/XADC/inst/AXI_XADC_CORE_I/Inst_drp_arbiter/daddr_reg_reg[5]/CLR
 (the first 15 of 118 listed). The LUT may glitch and trigger an unexpected reset, even if it is a properly timed path.
Related violations: <none>

LUTAR-1#3 Warning
LUT drives async reset alert  
LUT cell riscv_i/RocketChip/inst/rocket_system/tlDM/dmOuter/dmOuter/ex_reg_valid_i_1, with 2 or more inputs, drives asynchronous preset/clear pin(s) riscv_i/RocketChip/inst/rocket_system/intsource/reg_/reg__reg[0]/CLR,
riscv_i/RocketChip/inst/rocket_system/intsource/reg_/reg__reg[1]/CLR,
riscv_i/RocketChip/inst/rocket_system/intsource_1/reg_/reg__reg/CLR,
riscv_i/RocketChip/inst/rocket_system/intsource_2/reg_/reg__reg/CLR,
riscv_i/RocketChip/inst/rocket_system/intsource_3/reg_/reg__reg[0]/CLR,
riscv_i/RocketChip/inst/rocket_system/intsource_3/reg_/reg__reg[1]/CLR,
riscv_i/RocketChip/inst/rocket_system/intsource_3/reg_/reg__reg[2]/CLR,
riscv_i/RocketChip/inst/rocket_system/intsource_3/reg_/reg__reg[3]/CLR,
riscv_i/RocketChip/inst/rocket_system/intsource_3/reg_/reg__reg[4]/CLR,
riscv_i/RocketChip/inst/rocket_system/intsource_3/reg_/reg__reg[5]/CLR,
riscv_i/RocketChip/inst/rocket_system/intsource_3/reg_/reg__reg[6]/CLR,
riscv_i/RocketChip/inst/rocket_system/intsource_3/reg_/reg__reg[7]/CLR,
riscv_i/RocketChip/inst/rocket_system/tlDM/dmInner/dmiXing/bundleOut_0_a_sink/source_extend/io_out_source_valid_0/output_chain/sync_0_reg/CLR,
riscv_i/RocketChip/inst/rocket_system/tlDM/dmInner/dmiXing/bundleOut_0_a_sink/source_extend/io_out_source_valid_0/output_chain/sync_1_reg/CLR,
riscv_i/RocketChip/inst/rocket_system/tlDM/dmInner/dmiXing/bundleOut_0_a_sink/source_extend/io_out_source_valid_0/output_chain/sync_2_reg/CLR
 (the first 15 of 21 listed). The LUT may glitch and trigger an unexpected reset, even if it is a properly timed path.
Related violations: <none>

PDRC-190#1 Warning
Suboptimally placed synchronized register chain  
The FDRE cell riscv_i/DDR/mig_7series_0/u_riscv_mig_7series_0_0_mig/temp_mon_enabled.u_tempmon/device_temp_sync_r5_reg[0] in site SLICE_X75Y121 is part of a synchronized register chain that is suboptimally placed as the load FDRE cell riscv_i/DDR/mig_7series_0/u_riscv_mig_7series_0_0_mig/temp_mon_enabled.u_tempmon/device_temp_r_reg[0] is not placed in the same (SLICE) site.
Related violations: <none>

PDRC-190#2 Warning
Suboptimally placed synchronized register chain  
The FDRE cell riscv_i/DDR/mig_7series_0/u_riscv_mig_7series_0_0_mig/temp_mon_enabled.u_tempmon/device_temp_sync_r5_reg[10] in site SLICE_X88Y121 is part of a synchronized register chain that is suboptimally placed as the load FDRE cell riscv_i/DDR/mig_7series_0/u_riscv_mig_7series_0_0_mig/temp_mon_enabled.u_tempmon/device_temp_r_reg[10] is not placed in the same (SLICE) site.
Related violations: <none>

PDRC-190#3 Warning
Suboptimally placed synchronized register chain  
The FDRE cell riscv_i/DDR/mig_7series_0/u_riscv_mig_7series_0_0_mig/temp_mon_enabled.u_tempmon/device_temp_sync_r5_reg[11] in site SLICE_X78Y122 is part of a synchronized register chain that is suboptimally placed as the load FDRE cell riscv_i/DDR/mig_7series_0/u_riscv_mig_7series_0_0_mig/temp_mon_enabled.u_tempmon/device_temp_r_reg[11] is not placed in the same (SLICE) site.
Related violations: <none>

PDRC-190#4 Warning
Suboptimally placed synchronized register chain  
The FDRE cell riscv_i/DDR/mig_7series_0/u_riscv_mig_7series_0_0_mig/temp_mon_enabled.u_tempmon/device_temp_sync_r5_reg[1] in site SLICE_X77Y122 is part of a synchronized register chain that is suboptimally placed as the load FDRE cell riscv_i/DDR/mig_7series_0/u_riscv_mig_7series_0_0_mig/temp_mon_enabled.u_tempmon/device_temp_r_reg[1] is not placed in the same (SLICE) site.
Related violations: <none>

PDRC-190#5 Warning
Suboptimally placed synchronized register chain  
The FDRE cell riscv_i/DDR/mig_7series_0/u_riscv_mig_7series_0_0_mig/temp_mon_enabled.u_tempmon/device_temp_sync_r5_reg[2] in site SLICE_X81Y117 is part of a synchronized register chain that is suboptimally placed as the load FDRE cell riscv_i/DDR/mig_7series_0/u_riscv_mig_7series_0_0_mig/temp_mon_enabled.u_tempmon/device_temp_r_reg[2] is not placed in the same (SLICE) site.
Related violations: <none>

PDRC-190#6 Warning
Suboptimally placed synchronized register chain  
The FDRE cell riscv_i/DDR/mig_7series_0/u_riscv_mig_7series_0_0_mig/temp_mon_enabled.u_tempmon/device_temp_sync_r5_reg[3] in site SLICE_X77Y125 is part of a synchronized register chain that is suboptimally placed as the load FDRE cell riscv_i/DDR/mig_7series_0/u_riscv_mig_7series_0_0_mig/temp_mon_enabled.u_tempmon/device_temp_r_reg[3] is not placed in the same (SLICE) site.
Related violations: <none>

PDRC-190#7 Warning
Suboptimally placed synchronized register chain  
The FDRE cell riscv_i/DDR/mig_7series_0/u_riscv_mig_7series_0_0_mig/temp_mon_enabled.u_tempmon/device_temp_sync_r5_reg[4] in site SLICE_X79Y127 is part of a synchronized register chain that is suboptimally placed as the load FDRE cell riscv_i/DDR/mig_7series_0/u_riscv_mig_7series_0_0_mig/temp_mon_enabled.u_tempmon/device_temp_r_reg[4] is not placed in the same (SLICE) site.
Related violations: <none>

PDRC-190#8 Warning
Suboptimally placed synchronized register chain  
The FDRE cell riscv_i/DDR/mig_7series_0/u_riscv_mig_7series_0_0_mig/temp_mon_enabled.u_tempmon/device_temp_sync_r5_reg[5] in site SLICE_X81Y127 is part of a synchronized register chain that is suboptimally placed as the load FDRE cell riscv_i/DDR/mig_7series_0/u_riscv_mig_7series_0_0_mig/temp_mon_enabled.u_tempmon/device_temp_r_reg[5] is not placed in the same (SLICE) site.
Related violations: <none>

PDRC-190#9 Warning
Suboptimally placed synchronized register chain  
The FDRE cell riscv_i/DDR/mig_7series_0/u_riscv_mig_7series_0_0_mig/temp_mon_enabled.u_tempmon/device_temp_sync_r5_reg[6] in site SLICE_X80Y126 is part of a synchronized register chain that is suboptimally placed as the load FDRE cell riscv_i/DDR/mig_7series_0/u_riscv_mig_7series_0_0_mig/temp_mon_enabled.u_tempmon/device_temp_r_reg[6] is not placed in the same (SLICE) site.
Related violations: <none>

PDRC-190#10 Warning
Suboptimally placed synchronized register chain  
The FDRE cell riscv_i/DDR/mig_7series_0/u_riscv_mig_7series_0_0_mig/temp_mon_enabled.u_tempmon/device_temp_sync_r5_reg[7] in site SLICE_X78Y127 is part of a synchronized register chain that is suboptimally placed as the load FDRE cell riscv_i/DDR/mig_7series_0/u_riscv_mig_7series_0_0_mig/temp_mon_enabled.u_tempmon/device_temp_r_reg[7] is not placed in the same (SLICE) site.
Related violations: <none>

PDRC-190#11 Warning
Suboptimally placed synchronized register chain  
The FDRE cell riscv_i/DDR/mig_7series_0/u_riscv_mig_7series_0_0_mig/temp_mon_enabled.u_tempmon/device_temp_sync_r5_reg[8] in site SLICE_X82Y119 is part of a synchronized register chain that is suboptimally placed as the load FDRE cell riscv_i/DDR/mig_7series_0/u_riscv_mig_7series_0_0_mig/temp_mon_enabled.u_tempmon/device_temp_r_reg[8] is not placed in the same (SLICE) site.
Related violations: <none>

PDRC-190#12 Warning
Suboptimally placed synchronized register chain  
The FDRE cell riscv_i/DDR/mig_7series_0/u_riscv_mig_7series_0_0_mig/temp_mon_enabled.u_tempmon/device_temp_sync_r5_reg[9] in site SLICE_X81Y119 is part of a synchronized register chain that is suboptimally placed as the load FDRE cell riscv_i/DDR/mig_7series_0/u_riscv_mig_7series_0_0_mig/temp_mon_enabled.u_tempmon/device_temp_r_reg[9] is not placed in the same (SLICE) site.
Related violations: <none>

TIMING-9#1 Warning
Unknown CDC Logic  
One or more asynchronous Clock Domain Crossing has been detected between 2 clock domains through a set_false_path or a set_clock_groups or set_max_delay -datapath_only constraint but no double-registers logic synchronizer has been found on the side of the capture clock. It is recommended to run report_cdc for a complete and detailed CDC coverage. Please consider using XPM_CDC to avoid Critical severities
Related violations: <none>

TIMING-10#1 Warning
Missing property on synchronizer  
One or more logic synchronizer has been detected between 2 clock domains but the synchronizer does not have the property ASYNC_REG defined on one or both registers. It is recommended to run report_cdc for a complete and detailed CDC coverage
Related violations: <none>

ULMTCS-1#1 Warning
Control Sets use limits recommend reduction  
This design uses 1415 control sets (vs. available limit of 15850, determined by 1 control set per CLB). This exceeds the control set use guideline of 7.5 percent. This is at a level where reduction is RECOMMENDED (see UG949). Use report_control_sets to get more details.
Related violations: <none>

XDCB-5#1 Warning
Runtime inefficient way to find pin objects  
The option '-to : [get_pins -hier -include_replicated_objects -filter {NAME =~ *temp_mon_enabled.u_tempmon/device_temp_sync_r1_reg[*]/D}]' of constraint 'set_max_delay' uses inefficient query to find pin objects (see constraint position '12' in the Timing Constraint window in Vivado IDE). To reduce runtime, it is recommended to get the pins through the cell objects. Please refer to Using Constraints Guide (Constraints Efficiency). An example of optimal query is: get_pins -filter {REF_PIN_NAME=~yy*} -of_objects [get_cells -hierarchical xx*].
Current XDC: /mnt/d/vivado-risc-v/workspace/rocket64b1/vivado-nexys-a7-100t-riscv/nexys-a7-100t-riscv.gen/sources_1/bd/riscv/ip/riscv_mig_7series_0_0/riscv_mig_7series_0_0/user_design/constraints/riscv_mig_7series_0_0.xdc (Line: 344)
Related violations: <none>

REQP-1959#1 Advisory
connects_SERDES_RST_driver_not_FF  
riscv_i/DDR/mig_7series_0/u_riscv_mig_7series_0_0_mig/u_memc_ui_top_axi/mem_intfc0/ddr_phy_top0/u_ddr_mc_phy_wrapper/u_ddr_mc_phy/ddr_phy_4lanes_0.u_ddr_phy_4lanes/ddr_byte_lane_A.ddr_byte_lane_A/ddr_byte_group_io/input_[1].iserdes_dq_.iserdesdq: The RST pin should only be driven by a Flip-flop.
Related violations: <none>

REQP-1959#2 Advisory
connects_SERDES_RST_driver_not_FF  
riscv_i/DDR/mig_7series_0/u_riscv_mig_7series_0_0_mig/u_memc_ui_top_axi/mem_intfc0/ddr_phy_top0/u_ddr_mc_phy_wrapper/u_ddr_mc_phy/ddr_phy_4lanes_0.u_ddr_phy_4lanes/ddr_byte_lane_A.ddr_byte_lane_A/ddr_byte_group_io/input_[3].iserdes_dq_.iserdesdq: The RST pin should only be driven by a Flip-flop.
Related violations: <none>

REQP-1959#3 Advisory
connects_SERDES_RST_driver_not_FF  
riscv_i/DDR/mig_7series_0/u_riscv_mig_7series_0_0_mig/u_memc_ui_top_axi/mem_intfc0/ddr_phy_top0/u_ddr_mc_phy_wrapper/u_ddr_mc_phy/ddr_phy_4lanes_0.u_ddr_phy_4lanes/ddr_byte_lane_A.ddr_byte_lane_A/ddr_byte_group_io/input_[4].iserdes_dq_.iserdesdq: The RST pin should only be driven by a Flip-flop.
Related violations: <none>

REQP-1959#4 Advisory
connects_SERDES_RST_driver_not_FF  
riscv_i/DDR/mig_7series_0/u_riscv_mig_7series_0_0_mig/u_memc_ui_top_axi/mem_intfc0/ddr_phy_top0/u_ddr_mc_phy_wrapper/u_ddr_mc_phy/ddr_phy_4lanes_0.u_ddr_phy_4lanes/ddr_byte_lane_A.ddr_byte_lane_A/ddr_byte_group_io/input_[5].iserdes_dq_.iserdesdq: The RST pin should only be driven by a Flip-flop.
Related violations: <none>

REQP-1959#5 Advisory
connects_SERDES_RST_driver_not_FF  
riscv_i/DDR/mig_7series_0/u_riscv_mig_7series_0_0_mig/u_memc_ui_top_axi/mem_intfc0/ddr_phy_top0/u_ddr_mc_phy_wrapper/u_ddr_mc_phy/ddr_phy_4lanes_0.u_ddr_phy_4lanes/ddr_byte_lane_A.ddr_byte_lane_A/ddr_byte_group_io/input_[6].iserdes_dq_.iserdesdq: The RST pin should only be driven by a Flip-flop.
Related violations: <none>

REQP-1959#6 Advisory
connects_SERDES_RST_driver_not_FF  
riscv_i/DDR/mig_7series_0/u_riscv_mig_7series_0_0_mig/u_memc_ui_top_axi/mem_intfc0/ddr_phy_top0/u_ddr_mc_phy_wrapper/u_ddr_mc_phy/ddr_phy_4lanes_0.u_ddr_phy_4lanes/ddr_byte_lane_A.ddr_byte_lane_A/ddr_byte_group_io/input_[7].iserdes_dq_.iserdesdq: The RST pin should only be driven by a Flip-flop.
Related violations: <none>

REQP-1959#7 Advisory
connects_SERDES_RST_driver_not_FF  
riscv_i/DDR/mig_7series_0/u_riscv_mig_7series_0_0_mig/u_memc_ui_top_axi/mem_intfc0/ddr_phy_top0/u_ddr_mc_phy_wrapper/u_ddr_mc_phy/ddr_phy_4lanes_0.u_ddr_phy_4lanes/ddr_byte_lane_A.ddr_byte_lane_A/ddr_byte_group_io/input_[8].iserdes_dq_.iserdesdq: The RST pin should only be driven by a Flip-flop.
Related violations: <none>

REQP-1959#8 Advisory
connects_SERDES_RST_driver_not_FF  
riscv_i/DDR/mig_7series_0/u_riscv_mig_7series_0_0_mig/u_memc_ui_top_axi/mem_intfc0/ddr_phy_top0/u_ddr_mc_phy_wrapper/u_ddr_mc_phy/ddr_phy_4lanes_0.u_ddr_phy_4lanes/ddr_byte_lane_A.ddr_byte_lane_A/ddr_byte_group_io/input_[9].iserdes_dq_.iserdesdq: The RST pin should only be driven by a Flip-flop.
Related violations: <none>

REQP-1959#9 Advisory
connects_SERDES_RST_driver_not_FF  
riscv_i/DDR/mig_7series_0/u_riscv_mig_7series_0_0_mig/u_memc_ui_top_axi/mem_intfc0/ddr_phy_top0/u_ddr_mc_phy_wrapper/u_ddr_mc_phy/ddr_phy_4lanes_0.u_ddr_phy_4lanes/ddr_byte_lane_C.ddr_byte_lane_C/ddr_byte_group_io/input_[0].iserdes_dq_.iserdesdq: The RST pin should only be driven by a Flip-flop.
Related violations: <none>

REQP-1959#10 Advisory
connects_SERDES_RST_driver_not_FF  
riscv_i/DDR/mig_7series_0/u_riscv_mig_7series_0_0_mig/u_memc_ui_top_axi/mem_intfc0/ddr_phy_top0/u_ddr_mc_phy_wrapper/u_ddr_mc_phy/ddr_phy_4lanes_0.u_ddr_phy_4lanes/ddr_byte_lane_C.ddr_byte_lane_C/ddr_byte_group_io/input_[1].iserdes_dq_.iserdesdq: The RST pin should only be driven by a Flip-flop.
Related violations: <none>

REQP-1959#11 Advisory
connects_SERDES_RST_driver_not_FF  
riscv_i/DDR/mig_7series_0/u_riscv_mig_7series_0_0_mig/u_memc_ui_top_axi/mem_intfc0/ddr_phy_top0/u_ddr_mc_phy_wrapper/u_ddr_mc_phy/ddr_phy_4lanes_0.u_ddr_phy_4lanes/ddr_byte_lane_C.ddr_byte_lane_C/ddr_byte_group_io/input_[2].iserdes_dq_.iserdesdq: The RST pin should only be driven by a Flip-flop.
Related violations: <none>

REQP-1959#12 Advisory
connects_SERDES_RST_driver_not_FF  
riscv_i/DDR/mig_7series_0/u_riscv_mig_7series_0_0_mig/u_memc_ui_top_axi/mem_intfc0/ddr_phy_top0/u_ddr_mc_phy_wrapper/u_ddr_mc_phy/ddr_phy_4lanes_0.u_ddr_phy_4lanes/ddr_byte_lane_C.ddr_byte_lane_C/ddr_byte_group_io/input_[4].iserdes_dq_.iserdesdq: The RST pin should only be driven by a Flip-flop.
Related violations: <none>

REQP-1959#13 Advisory
connects_SERDES_RST_driver_not_FF  
riscv_i/DDR/mig_7series_0/u_riscv_mig_7series_0_0_mig/u_memc_ui_top_axi/mem_intfc0/ddr_phy_top0/u_ddr_mc_phy_wrapper/u_ddr_mc_phy/ddr_phy_4lanes_0.u_ddr_phy_4lanes/ddr_byte_lane_C.ddr_byte_lane_C/ddr_byte_group_io/input_[5].iserdes_dq_.iserdesdq: The RST pin should only be driven by a Flip-flop.
Related violations: <none>

REQP-1959#14 Advisory
connects_SERDES_RST_driver_not_FF  
riscv_i/DDR/mig_7series_0/u_riscv_mig_7series_0_0_mig/u_memc_ui_top_axi/mem_intfc0/ddr_phy_top0/u_ddr_mc_phy_wrapper/u_ddr_mc_phy/ddr_phy_4lanes_0.u_ddr_phy_4lanes/ddr_byte_lane_C.ddr_byte_lane_C/ddr_byte_group_io/input_[6].iserdes_dq_.iserdesdq: The RST pin should only be driven by a Flip-flop.
Related violations: <none>

REQP-1959#15 Advisory
connects_SERDES_RST_driver_not_FF  
riscv_i/DDR/mig_7series_0/u_riscv_mig_7series_0_0_mig/u_memc_ui_top_axi/mem_intfc0/ddr_phy_top0/u_ddr_mc_phy_wrapper/u_ddr_mc_phy/ddr_phy_4lanes_0.u_ddr_phy_4lanes/ddr_byte_lane_C.ddr_byte_lane_C/ddr_byte_group_io/input_[7].iserdes_dq_.iserdesdq: The RST pin should only be driven by a Flip-flop.
Related violations: <none>

REQP-1959#16 Advisory
connects_SERDES_RST_driver_not_FF  
riscv_i/DDR/mig_7series_0/u_riscv_mig_7series_0_0_mig/u_memc_ui_top_axi/mem_intfc0/ddr_phy_top0/u_ddr_mc_phy_wrapper/u_ddr_mc_phy/ddr_phy_4lanes_0.u_ddr_phy_4lanes/ddr_byte_lane_C.ddr_byte_lane_C/ddr_byte_group_io/input_[8].iserdes_dq_.iserdesdq: The RST pin should only be driven by a Flip-flop.
Related violations: <none>

XDCB-6#1 Advisory
Timing constraint pointing to hierarchical pins  
A timing constraint 'set_false_path' has a single -through that points to hierarchical pins (see constraint position '32' in the Timing Constraint window in Vivado IDE). With such constraint, it is recommended to have a DONT_TOUCH or KEEP_HIERARCHY on the hierarchical module to avoid the risk of pin names changing during synthesis.
Current XDC: /mnt/d/vivado-risc-v/board/timing-constraints.tcl (Line: 6)
Related violations: <none>

XDCB-6#2 Advisory
Timing constraint pointing to hierarchical pins  
A timing constraint 'set_false_path' has a single -through that points to hierarchical pins (see constraint position '33' in the Timing Constraint window in Vivado IDE). With such constraint, it is recommended to have a DONT_TOUCH or KEEP_HIERARCHY on the hierarchical module to avoid the risk of pin names changing during synthesis.
Current XDC: /mnt/d/vivado-risc-v/board/timing-constraints.tcl (Line: 7)
Related violations: <none>

XDCB-6#3 Advisory
Timing constraint pointing to hierarchical pins  
A timing constraint 'set_false_path' has a single -through that points to hierarchical pins (see constraint position '34' in the Timing Constraint window in Vivado IDE). With such constraint, it is recommended to have a DONT_TOUCH or KEEP_HIERARCHY on the hierarchical module to avoid the risk of pin names changing during synthesis.
Current XDC: /mnt/d/vivado-risc-v/board/timing-constraints.tcl (Line: 8)
Related violations: <none>

XDCB-6#4 Advisory
Timing constraint pointing to hierarchical pins  
A timing constraint 'set_false_path' has a single -through that points to hierarchical pins (see constraint position '35' in the Timing Constraint window in Vivado IDE). With such constraint, it is recommended to have a DONT_TOUCH or KEEP_HIERARCHY on the hierarchical module to avoid the risk of pin names changing during synthesis.
Current XDC: /mnt/d/vivado-risc-v/board/timing-constraints.tcl (Line: 9)
Related violations: <none>


