
*** Running vivado
    with args -log riscv_clk_wiz_0_0.vds -m64 -product Vivado -mode batch -messageDb vivado.pb -notrace -source riscv_clk_wiz_0_0.tcl


****** Vivado v2020.2 (64-bit)
  **** SW Build 3064766 on Wed Nov 18 09:12:47 MST 2020
  **** IP Build 3064653 on Wed Nov 18 14:17:31 MST 2020
    ** Copyright 1986-2020 Xilinx, Inc. All Rights Reserved.

INFO: [Common 17-1239] XILINX_LOCAL_USER_DATA is set to 'no'.
source riscv_clk_wiz_0_0.tcl -notrace
Command: synth_design -top riscv_clk_wiz_0_0 -part xc7a100tcsg324-1 -mode out_of_context
Starting synth_design
Attempting to get a license for feature 'Synthesis' and/or device 'xc7a100t'
INFO: [Common 17-349] Got license for feature 'Synthesis' and/or device 'xc7a100t'
INFO: [Device 21-403] Loading part xc7a100tcsg324-1
INFO: [Synth 8-7079] Multithreading enabled for synth_design using a maximum of 1 processes.
INFO: [Synth 8-7078] Launching helper process for spawning children vivado processes
INFO: [Synth 8-7075] Helper process launched with PID 14265
---------------------------------------------------------------------------------
Starting RTL Elaboration : Time (s): cpu = 00:00:02 ; elapsed = 00:00:02 . Memory (MB): peak = 2299.457 ; gain = 0.000 ; free physical = 18589 ; free virtual = 27505
---------------------------------------------------------------------------------
INFO: [Synth 8-6157] synthesizing module 'riscv_clk_wiz_0_0' [/mnt/d/vivado-risc-v/workspace/rocket64b1/vivado-nexys-a7-100t-riscv/nexys-a7-100t-riscv.gen/sources_1/bd/riscv/ip/riscv_clk_wiz_0_0/riscv_clk_wiz_0_0.v:73]
INFO: [Synth 8-6157] synthesizing module 'riscv_clk_wiz_0_0_clk_wiz' [/mnt/d/vivado-risc-v/workspace/rocket64b1/vivado-nexys-a7-100t-riscv/nexys-a7-100t-riscv.gen/sources_1/bd/riscv/ip/riscv_clk_wiz_0_0/riscv_clk_wiz_0_0_clk_wiz.v:71]
INFO: [Synth 8-6157] synthesizing module 'MMCME2_ADV' [/opt/Xilinx/Vivado/2020.2/scripts/rt/data/unisim_comp.v:39998]
	Parameter BANDWIDTH bound to: OPTIMIZED - type: string 
	Parameter CLKFBOUT_MULT_F bound to: 10.000000 - type: double 
	Parameter CLKFBOUT_PHASE bound to: 0.000000 - type: double 
	Parameter CLKFBOUT_USE_FINE_PS bound to: FALSE - type: string 
	Parameter CLKIN1_PERIOD bound to: 10.000000 - type: double 
	Parameter CLKIN2_PERIOD bound to: 0.000000 - type: double 
	Parameter CLKOUT0_DIVIDE_F bound to: 20.000000 - type: double 
	Parameter CLKOUT0_DUTY_CYCLE bound to: 0.500000 - type: double 
	Parameter CLKOUT0_PHASE bound to: 0.000000 - type: double 
	Parameter CLKOUT0_USE_FINE_PS bound to: FALSE - type: string 
	Parameter CLKOUT1_DIVIDE bound to: 5 - type: integer 
	Parameter CLKOUT1_DUTY_CYCLE bound to: 0.500000 - type: double 
	Parameter CLKOUT1_PHASE bound to: 0.000000 - type: double 
	Parameter CLKOUT1_USE_FINE_PS bound to: FALSE - type: string 
	Parameter CLKOUT2_DIVIDE bound to: 10 - type: integer 
	Parameter CLKOUT2_DUTY_CYCLE bound to: 0.500000 - type: double 
	Parameter CLKOUT2_PHASE bound to: 0.000000 - type: double 
	Parameter CLKOUT2_USE_FINE_PS bound to: FALSE - type: string 
	Parameter CLKOUT3_DIVIDE bound to: 20 - type: integer 
	Parameter CLKOUT3_DUTY_CYCLE bound to: 0.500000 - type: double 
	Parameter CLKOUT3_PHASE bound to: 0.000000 - type: double 
	Parameter CLKOUT3_USE_FINE_PS bound to: FALSE - type: string 
	Parameter CLKOUT4_CASCADE bound to: FALSE - type: string 
	Parameter CLKOUT4_DIVIDE bound to: 1 - type: integer 
	Parameter CLKOUT4_DUTY_CYCLE bound to: 0.500000 - type: double 
	Parameter CLKOUT4_PHASE bound to: 0.000000 - type: double 
	Parameter CLKOUT4_USE_FINE_PS bound to: FALSE - type: string 
	Parameter CLKOUT5_DIVIDE bound to: 1 - type: integer 
	Parameter CLKOUT5_DUTY_CYCLE bound to: 0.500000 - type: double 
	Parameter CLKOUT5_PHASE bound to: 0.000000 - type: double 
	Parameter CLKOUT5_USE_FINE_PS bound to: FALSE - type: string 
	Parameter CLKOUT6_DIVIDE bound to: 1 - type: integer 
	Parameter CLKOUT6_DUTY_CYCLE bound to: 0.500000 - type: double 
	Parameter CLKOUT6_PHASE bound to: 0.000000 - type: double 
	Parameter CLKOUT6_USE_FINE_PS bound to: FALSE - type: string 
	Parameter COMPENSATION bound to: ZHOLD - type: string 
	Parameter DIVCLK_DIVIDE bound to: 1 - type: integer 
	Parameter IS_CLKINSEL_INVERTED bound to: 1'b0 
	Parameter IS_PSEN_INVERTED bound to: 1'b0 
	Parameter IS_PSINCDEC_INVERTED bound to: 1'b0 
	Parameter IS_PWRDWN_INVERTED bound to: 1'b0 
	Parameter IS_RST_INVERTED bound to: 1'b0 
	Parameter REF_JITTER1 bound to: 0.010000 - type: double 
	Parameter REF_JITTER2 bound to: 0.010000 - type: double 
	Parameter SS_EN bound to: FALSE - type: string 
	Parameter SS_MODE bound to: CENTER_HIGH - type: string 
	Parameter SS_MOD_PERIOD bound to: 10000 - type: integer 
	Parameter STARTUP_WAIT bound to: FALSE - type: string 
INFO: [Synth 8-6155] done synthesizing module 'MMCME2_ADV' (1#1) [/opt/Xilinx/Vivado/2020.2/scripts/rt/data/unisim_comp.v:39998]
INFO: [Synth 8-6157] synthesizing module 'BUFG' [/opt/Xilinx/Vivado/2020.2/scripts/rt/data/unisim_comp.v:1083]
INFO: [Synth 8-6155] done synthesizing module 'BUFG' (2#1) [/opt/Xilinx/Vivado/2020.2/scripts/rt/data/unisim_comp.v:1083]
INFO: [Synth 8-6155] done synthesizing module 'riscv_clk_wiz_0_0_clk_wiz' (3#1) [/mnt/d/vivado-risc-v/workspace/rocket64b1/vivado-nexys-a7-100t-riscv/nexys-a7-100t-riscv.gen/sources_1/bd/riscv/ip/riscv_clk_wiz_0_0/riscv_clk_wiz_0_0_clk_wiz.v:71]
INFO: [Synth 8-6155] done synthesizing module 'riscv_clk_wiz_0_0' (4#1) [/mnt/d/vivado-risc-v/workspace/rocket64b1/vivado-nexys-a7-100t-riscv/nexys-a7-100t-riscv.gen/sources_1/bd/riscv/ip/riscv_clk_wiz_0_0/riscv_clk_wiz_0_0.v:73]
---------------------------------------------------------------------------------
Finished RTL Elaboration : Time (s): cpu = 00:00:02 ; elapsed = 00:00:03 . Memory (MB): peak = 2299.457 ; gain = 0.000 ; free physical = 18078 ; free virtual = 26994
---------------------------------------------------------------------------------
---------------------------------------------------------------------------------
Start Handling Custom Attributes
---------------------------------------------------------------------------------
---------------------------------------------------------------------------------
Finished Handling Custom Attributes : Time (s): cpu = 00:00:03 ; elapsed = 00:00:03 . Memory (MB): peak = 2299.457 ; gain = 0.000 ; free physical = 18793 ; free virtual = 27709
---------------------------------------------------------------------------------
---------------------------------------------------------------------------------
Finished RTL Optimization Phase 1 : Time (s): cpu = 00:00:03 ; elapsed = 00:00:03 . Memory (MB): peak = 2299.457 ; gain = 0.000 ; free physical = 18791 ; free virtual = 27707
---------------------------------------------------------------------------------
Netlist sorting complete. Time (s): cpu = 00:00:00 ; elapsed = 00:00:00 . Memory (MB): peak = 2299.457 ; gain = 0.000 ; free physical = 18813 ; free virtual = 27728
INFO: [Netlist 29-17] Analyzing 1 Unisim elements for replacement
INFO: [Netlist 29-28] Unisim Transformation completed in 0 CPU seconds
INFO: [Project 1-570] Preparing netlist for logic optimization

Processing XDC Constraints
Initializing timing engine
Parsing XDC File [/mnt/d/vivado-risc-v/workspace/rocket64b1/vivado-nexys-a7-100t-riscv/nexys-a7-100t-riscv.gen/sources_1/bd/riscv/ip/riscv_clk_wiz_0_0/riscv_clk_wiz_0_0_ooc.xdc] for cell 'inst'
Finished Parsing XDC File [/mnt/d/vivado-risc-v/workspace/rocket64b1/vivado-nexys-a7-100t-riscv/nexys-a7-100t-riscv.gen/sources_1/bd/riscv/ip/riscv_clk_wiz_0_0/riscv_clk_wiz_0_0_ooc.xdc] for cell 'inst'
Parsing XDC File [/mnt/d/vivado-risc-v/workspace/rocket64b1/vivado-nexys-a7-100t-riscv/nexys-a7-100t-riscv.gen/sources_1/bd/riscv/ip/riscv_clk_wiz_0_0/riscv_clk_wiz_0_0_board.xdc] for cell 'inst'
Finished Parsing XDC File [/mnt/d/vivado-risc-v/workspace/rocket64b1/vivado-nexys-a7-100t-riscv/nexys-a7-100t-riscv.gen/sources_1/bd/riscv/ip/riscv_clk_wiz_0_0/riscv_clk_wiz_0_0_board.xdc] for cell 'inst'
Parsing XDC File [/mnt/d/vivado-risc-v/workspace/rocket64b1/vivado-nexys-a7-100t-riscv/nexys-a7-100t-riscv.gen/sources_1/bd/riscv/ip/riscv_clk_wiz_0_0/riscv_clk_wiz_0_0.xdc] for cell 'inst'
Finished Parsing XDC File [/mnt/d/vivado-risc-v/workspace/rocket64b1/vivado-nexys-a7-100t-riscv/nexys-a7-100t-riscv.gen/sources_1/bd/riscv/ip/riscv_clk_wiz_0_0/riscv_clk_wiz_0_0.xdc] for cell 'inst'
Parsing XDC File [/mnt/d/vivado-risc-v/workspace/rocket64b1/vivado-nexys-a7-100t-riscv/nexys-a7-100t-riscv.runs/riscv_clk_wiz_0_0_synth_1/dont_touch.xdc]
Finished Parsing XDC File [/mnt/d/vivado-risc-v/workspace/rocket64b1/vivado-nexys-a7-100t-riscv/nexys-a7-100t-riscv.runs/riscv_clk_wiz_0_0_synth_1/dont_touch.xdc]
Parsing XDC File [/mnt/d/vivado-risc-v/workspace/rocket64b1/vivado-nexys-a7-100t-riscv/nexys-a7-100t-riscv.gen/sources_1/bd/riscv/ip/riscv_clk_wiz_0_0/riscv_clk_wiz_0_0_late.xdc] for cell 'inst'
Finished Parsing XDC File [/mnt/d/vivado-risc-v/workspace/rocket64b1/vivado-nexys-a7-100t-riscv/nexys-a7-100t-riscv.gen/sources_1/bd/riscv/ip/riscv_clk_wiz_0_0/riscv_clk_wiz_0_0_late.xdc] for cell 'inst'
Completed Processing XDC Constraints

Netlist sorting complete. Time (s): cpu = 00:00:00 ; elapsed = 00:00:00 . Memory (MB): peak = 2307.395 ; gain = 0.000 ; free physical = 18740 ; free virtual = 27656
INFO: [Project 1-111] Unisim Transformation Summary:
No Unisim elements were transformed.

INFO: [Timing 38-2] Deriving generated clocks
Constraint Validation Runtime : Time (s): cpu = 00:00:00.01 ; elapsed = 00:00:00.03 . Memory (MB): peak = 2307.395 ; gain = 0.000 ; free physical = 18740 ; free virtual = 27656
---------------------------------------------------------------------------------
Finished Constraint Validation : Time (s): cpu = 00:00:06 ; elapsed = 00:00:07 . Memory (MB): peak = 2307.395 ; gain = 7.938 ; free physical = 18798 ; free virtual = 27714
---------------------------------------------------------------------------------
---------------------------------------------------------------------------------
Start Loading Part and Timing Information
---------------------------------------------------------------------------------
Loading part: xc7a100tcsg324-1
---------------------------------------------------------------------------------
Finished Loading Part and Timing Information : Time (s): cpu = 00:00:06 ; elapsed = 00:00:07 . Memory (MB): peak = 2307.395 ; gain = 7.938 ; free physical = 18798 ; free virtual = 27714
---------------------------------------------------------------------------------
---------------------------------------------------------------------------------
Start Applying 'set_property' XDC Constraints
---------------------------------------------------------------------------------
Applied set_property KEEP_HIERARCHY = SOFT for inst. (constraint file  /mnt/d/vivado-risc-v/workspace/rocket64b1/vivado-nexys-a7-100t-riscv/nexys-a7-100t-riscv.runs/riscv_clk_wiz_0_0_synth_1/dont_touch.xdc, line 9).
---------------------------------------------------------------------------------
Finished applying 'set_property' XDC Constraints : Time (s): cpu = 00:00:06 ; elapsed = 00:00:07 . Memory (MB): peak = 2307.395 ; gain = 7.938 ; free physical = 18798 ; free virtual = 27714
---------------------------------------------------------------------------------
---------------------------------------------------------------------------------
Finished RTL Optimization Phase 2 : Time (s): cpu = 00:00:06 ; elapsed = 00:00:07 . Memory (MB): peak = 2307.395 ; gain = 7.938 ; free physical = 18798 ; free virtual = 27714
---------------------------------------------------------------------------------
---------------------------------------------------------------------------------
Start RTL Component Statistics 
---------------------------------------------------------------------------------
Detailed RTL Component Info : 
---------------------------------------------------------------------------------
Finished RTL Component Statistics 
---------------------------------------------------------------------------------
---------------------------------------------------------------------------------
Start Part Resource Summary
---------------------------------------------------------------------------------
Part Resources:
DSPs: 240 (col length:80)
BRAMs: 270 (col length: RAMB18 80 RAMB36 40)
---------------------------------------------------------------------------------
Finished Part Resource Summary
---------------------------------------------------------------------------------
---------------------------------------------------------------------------------
Start Cross Boundary and Area Optimization
---------------------------------------------------------------------------------
---------------------------------------------------------------------------------
Finished Cross Boundary and Area Optimization : Time (s): cpu = 00:00:06 ; elapsed = 00:00:08 . Memory (MB): peak = 2307.395 ; gain = 7.938 ; free physical = 18797 ; free virtual = 27713
---------------------------------------------------------------------------------
---------------------------------------------------------------------------------
Start Applying XDC Timing Constraints
---------------------------------------------------------------------------------
---------------------------------------------------------------------------------
Finished Applying XDC Timing Constraints : Time (s): cpu = 00:00:09 ; elapsed = 00:00:11 . Memory (MB): peak = 2307.395 ; gain = 7.938 ; free physical = 18675 ; free virtual = 27591
---------------------------------------------------------------------------------
---------------------------------------------------------------------------------
Start Timing Optimization
---------------------------------------------------------------------------------
---------------------------------------------------------------------------------
Finished Timing Optimization : Time (s): cpu = 00:00:09 ; elapsed = 00:00:11 . Memory (MB): peak = 2307.395 ; gain = 7.938 ; free physical = 18675 ; free virtual = 27591
---------------------------------------------------------------------------------
---------------------------------------------------------------------------------
Start Technology Mapping
---------------------------------------------------------------------------------
---------------------------------------------------------------------------------
Finished Technology Mapping : Time (s): cpu = 00:00:09 ; elapsed = 00:00:11 . Memory (MB): peak = 2307.395 ; gain = 7.938 ; free physical = 18672 ; free virtual = 27587
---------------------------------------------------------------------------------
---------------------------------------------------------------------------------
Start IO Insertion
---------------------------------------------------------------------------------
---------------------------------------------------------------------------------
Start Flattening Before IO Insertion
---------------------------------------------------------------------------------
---------------------------------------------------------------------------------
Finished Flattening Before IO Insertion
---------------------------------------------------------------------------------
---------------------------------------------------------------------------------
Start Final Netlist Cleanup
---------------------------------------------------------------------------------
---------------------------------------------------------------------------------
Finished Final Netlist Cleanup
---------------------------------------------------------------------------------
---------------------------------------------------------------------------------
Finished IO Insertion : Time (s): cpu = 00:00:11 ; elapsed = 00:00:12 . Memory (MB): peak = 2307.395 ; gain = 7.938 ; free physical = 18672 ; free virtual = 27587
---------------------------------------------------------------------------------
---------------------------------------------------------------------------------
Start Renaming Generated Instances
---------------------------------------------------------------------------------
---------------------------------------------------------------------------------
Finished Renaming Generated Instances : Time (s): cpu = 00:00:11 ; elapsed = 00:00:12 . Memory (MB): peak = 2307.395 ; gain = 7.938 ; free physical = 18672 ; free virtual = 27587
---------------------------------------------------------------------------------
---------------------------------------------------------------------------------
Start Rebuilding User Hierarchy
---------------------------------------------------------------------------------
---------------------------------------------------------------------------------
Finished Rebuilding User Hierarchy : Time (s): cpu = 00:00:11 ; elapsed = 00:00:12 . Memory (MB): peak = 2307.395 ; gain = 7.938 ; free physical = 18672 ; free virtual = 27587
---------------------------------------------------------------------------------
---------------------------------------------------------------------------------
Start Renaming Generated Ports
---------------------------------------------------------------------------------
---------------------------------------------------------------------------------
Finished Renaming Generated Ports : Time (s): cpu = 00:00:11 ; elapsed = 00:00:12 . Memory (MB): peak = 2307.395 ; gain = 7.938 ; free physical = 18672 ; free virtual = 27587
---------------------------------------------------------------------------------
---------------------------------------------------------------------------------
Start Handling Custom Attributes
---------------------------------------------------------------------------------
---------------------------------------------------------------------------------
Finished Handling Custom Attributes : Time (s): cpu = 00:00:11 ; elapsed = 00:00:12 . Memory (MB): peak = 2307.395 ; gain = 7.938 ; free physical = 18672 ; free virtual = 27587
---------------------------------------------------------------------------------
---------------------------------------------------------------------------------
Start Renaming Generated Nets
---------------------------------------------------------------------------------
---------------------------------------------------------------------------------
Finished Renaming Generated Nets : Time (s): cpu = 00:00:11 ; elapsed = 00:00:12 . Memory (MB): peak = 2307.395 ; gain = 7.938 ; free physical = 18672 ; free virtual = 27587
---------------------------------------------------------------------------------
---------------------------------------------------------------------------------
Start Writing Synthesis Report
---------------------------------------------------------------------------------

Report BlackBoxes: 
+-+--------------+----------+
| |BlackBox name |Instances |
+-+--------------+----------+
+-+--------------+----------+

Report Cell Usage: 
+------+-----------+------+
|      |Cell       |Count |
+------+-----------+------+
|1     |BUFG       |     4|
|2     |MMCME2_ADV |     1|
+------+-----------+------+
---------------------------------------------------------------------------------
Finished Writing Synthesis Report : Time (s): cpu = 00:00:11 ; elapsed = 00:00:12 . Memory (MB): peak = 2307.395 ; gain = 7.938 ; free physical = 18672 ; free virtual = 27587
---------------------------------------------------------------------------------
Synthesis finished with 0 errors, 0 critical warnings and 0 warnings.
Synthesis Optimization Runtime : Time (s): cpu = 00:00:10 ; elapsed = 00:00:11 . Memory (MB): peak = 2307.395 ; gain = 0.000 ; free physical = 18712 ; free virtual = 27628
Synthesis Optimization Complete : Time (s): cpu = 00:00:11 ; elapsed = 00:00:12 . Memory (MB): peak = 2307.402 ; gain = 7.938 ; free physical = 18713 ; free virtual = 27628
INFO: [Project 1-571] Translating synthesized netlist
Netlist sorting complete. Time (s): cpu = 00:00:00 ; elapsed = 00:00:00 . Memory (MB): peak = 2307.402 ; gain = 0.000 ; free physical = 18802 ; free virtual = 27717
INFO: [Netlist 29-17] Analyzing 1 Unisim elements for replacement
INFO: [Netlist 29-28] Unisim Transformation completed in 0 CPU seconds
INFO: [Project 1-570] Preparing netlist for logic optimization
INFO: [Opt 31-138] Pushed 0 inverter(s) to 0 load pin(s).
Netlist sorting complete. Time (s): cpu = 00:00:00 ; elapsed = 00:00:00 . Memory (MB): peak = 2307.402 ; gain = 0.000 ; free physical = 18744 ; free virtual = 27659
INFO: [Project 1-111] Unisim Transformation Summary:
No Unisim elements were transformed.

INFO: [Common 17-83] Releasing license: Synthesis
25 Infos, 0 Warnings, 0 Critical Warnings and 0 Errors encountered.
synth_design completed successfully
synth_design: Time (s): cpu = 00:00:16 ; elapsed = 00:00:15 . Memory (MB): peak = 2307.402 ; gain = 8.012 ; free physical = 18790 ; free virtual = 27706
INFO: [Common 17-600] The following parameters have non-default value.
general.maxThreads
INFO: [Common 17-1381] The checkpoint '/mnt/d/vivado-risc-v/workspace/rocket64b1/vivado-nexys-a7-100t-riscv/nexys-a7-100t-riscv.runs/riscv_clk_wiz_0_0_synth_1/riscv_clk_wiz_0_0.dcp' has been generated.
WARNING: [Common 17-576] 'use_project_ipc' is deprecated. This option is deprecated and no longer used.
INFO: [Coretcl 2-1648] Added synthesis output to IP cache for IP riscv_clk_wiz_0_0, cache-ID = 96dbc54f109b98a2
INFO: [Common 17-1381] The checkpoint '/mnt/d/vivado-risc-v/workspace/rocket64b1/vivado-nexys-a7-100t-riscv/nexys-a7-100t-riscv.runs/riscv_clk_wiz_0_0_synth_1/riscv_clk_wiz_0_0.dcp' has been generated.
INFO: [runtcl-4] Executing : report_utilization -file riscv_clk_wiz_0_0_utilization_synth.rpt -pb riscv_clk_wiz_0_0_utilization_synth.pb
INFO: [Common 17-206] Exiting Vivado at Tue Nov 15 19:38:38 2022...
