
*** Running vivado
    with args -log riscv_UART_0.vds -m64 -product Vivado -mode batch -messageDb vivado.pb -notrace -source riscv_UART_0.tcl


****** Vivado v2020.2 (64-bit)
  **** SW Build 3064766 on Wed Nov 18 09:12:47 MST 2020
  **** IP Build 3064653 on Wed Nov 18 14:17:31 MST 2020
    ** Copyright 1986-2020 Xilinx, Inc. All Rights Reserved.

INFO: [Common 17-1239] XILINX_LOCAL_USER_DATA is set to 'no'.
source riscv_UART_0.tcl -notrace
Command: synth_design -top riscv_UART_0 -part xc7a100tcsg324-1 -mode out_of_context
Starting synth_design
WARNING: [IP_Flow 19-3571] IP 'riscv_UART_0' is restricted:
* Module reference is stale and needs refreshing.
Attempting to get a license for feature 'Synthesis' and/or device 'xc7a100t'
INFO: [Common 17-349] Got license for feature 'Synthesis' and/or device 'xc7a100t'
INFO: [Device 21-403] Loading part xc7a100tcsg324-1
INFO: [Synth 8-7079] Multithreading enabled for synth_design using a maximum of 1 processes.
INFO: [Synth 8-7078] Launching helper process for spawning children vivado processes
INFO: [Synth 8-7075] Helper process launched with PID 5473
---------------------------------------------------------------------------------
Starting RTL Elaboration : Time (s): cpu = 00:00:02 ; elapsed = 00:00:02 . Memory (MB): peak = 2300.461 ; gain = 0.000 ; free physical = 18539 ; free virtual = 27440
---------------------------------------------------------------------------------
INFO: [Synth 8-6157] synthesizing module 'riscv_UART_0' [/mnt/d/vivado-risc-v/workspace/rocket64b1/vivado-nexys-a7-100t-riscv/nexys-a7-100t-riscv.gen/sources_1/bd/riscv/ip/riscv_UART_0/synth/riscv_UART_0.v:58]
INFO: [Synth 8-6157] synthesizing module 'uart' [/mnt/d/vivado-risc-v/uart/uart.v:25]
	Parameter BAUD_RATE bound to: 115200 - type: integer 
INFO: [Synth 8-155] case statement is not full and has no default [/mnt/d/vivado-risc-v/uart/uart.v:178]
INFO: [Synth 8-155] case statement is not full and has no default [/mnt/d/vivado-risc-v/uart/uart.v:210]
INFO: [Synth 8-155] case statement is not full and has no default [/mnt/d/vivado-risc-v/uart/uart.v:281]
INFO: [Synth 8-155] case statement is not full and has no default [/mnt/d/vivado-risc-v/uart/uart.v:303]
INFO: [Synth 8-6155] done synthesizing module 'uart' (1#1) [/mnt/d/vivado-risc-v/uart/uart.v:25]
INFO: [Synth 8-6155] done synthesizing module 'riscv_UART_0' (2#1) [/mnt/d/vivado-risc-v/workspace/rocket64b1/vivado-nexys-a7-100t-riscv/nexys-a7-100t-riscv.gen/sources_1/bd/riscv/ip/riscv_UART_0/synth/riscv_UART_0.v:58]
---------------------------------------------------------------------------------
Finished RTL Elaboration : Time (s): cpu = 00:00:02 ; elapsed = 00:00:03 . Memory (MB): peak = 2300.461 ; gain = 0.000 ; free physical = 18125 ; free virtual = 27026
---------------------------------------------------------------------------------
---------------------------------------------------------------------------------
Start Handling Custom Attributes
---------------------------------------------------------------------------------
---------------------------------------------------------------------------------
Finished Handling Custom Attributes : Time (s): cpu = 00:00:03 ; elapsed = 00:00:03 . Memory (MB): peak = 2300.461 ; gain = 0.000 ; free physical = 18811 ; free virtual = 27712
---------------------------------------------------------------------------------
---------------------------------------------------------------------------------
Finished RTL Optimization Phase 1 : Time (s): cpu = 00:00:03 ; elapsed = 00:00:03 . Memory (MB): peak = 2300.461 ; gain = 0.000 ; free physical = 18811 ; free virtual = 27712
---------------------------------------------------------------------------------
Netlist sorting complete. Time (s): cpu = 00:00:00.01 ; elapsed = 00:00:00.01 . Memory (MB): peak = 2300.461 ; gain = 0.000 ; free physical = 18804 ; free virtual = 27705
INFO: [Project 1-570] Preparing netlist for logic optimization

Processing XDC Constraints
Initializing timing engine
Completed Processing XDC Constraints

Netlist sorting complete. Time (s): cpu = 00:00:00 ; elapsed = 00:00:00 . Memory (MB): peak = 2308.398 ; gain = 0.000 ; free physical = 18710 ; free virtual = 27612
INFO: [Project 1-111] Unisim Transformation Summary:
No Unisim elements were transformed.

Constraint Validation Runtime : Time (s): cpu = 00:00:00.01 ; elapsed = 00:00:00.02 . Memory (MB): peak = 2308.398 ; gain = 0.000 ; free physical = 18710 ; free virtual = 27611
---------------------------------------------------------------------------------
Finished Constraint Validation : Time (s): cpu = 00:00:06 ; elapsed = 00:00:07 . Memory (MB): peak = 2308.398 ; gain = 7.938 ; free physical = 18845 ; free virtual = 27747
---------------------------------------------------------------------------------
---------------------------------------------------------------------------------
Start Loading Part and Timing Information
---------------------------------------------------------------------------------
Loading part: xc7a100tcsg324-1
---------------------------------------------------------------------------------
Finished Loading Part and Timing Information : Time (s): cpu = 00:00:06 ; elapsed = 00:00:07 . Memory (MB): peak = 2308.398 ; gain = 7.938 ; free physical = 18845 ; free virtual = 27747
---------------------------------------------------------------------------------
---------------------------------------------------------------------------------
Start Applying 'set_property' XDC Constraints
---------------------------------------------------------------------------------
---------------------------------------------------------------------------------
Finished applying 'set_property' XDC Constraints : Time (s): cpu = 00:00:06 ; elapsed = 00:00:07 . Memory (MB): peak = 2308.398 ; gain = 7.938 ; free physical = 18846 ; free virtual = 27747
---------------------------------------------------------------------------------
---------------------------------------------------------------------------------
Finished RTL Optimization Phase 2 : Time (s): cpu = 00:00:06 ; elapsed = 00:00:08 . Memory (MB): peak = 2308.398 ; gain = 7.938 ; free physical = 18839 ; free virtual = 27740
---------------------------------------------------------------------------------
---------------------------------------------------------------------------------
Start RTL Component Statistics 
---------------------------------------------------------------------------------
Detailed RTL Component Info : 
+---Adders : 
	   2 Input   16 Bit       Adders := 2     
	   2 Input    4 Bit       Adders := 7     
	   3 Input    4 Bit       Adders := 1     
+---Registers : 
	               32 Bit    Registers := 1     
	               16 Bit    Registers := 4     
	                8 Bit    Registers := 3     
	                4 Bit    Registers := 5     
	                3 Bit    Registers := 1     
	                2 Bit    Registers := 4     
	                1 Bit    Registers := 8     
+---RAMs : 
	              128 Bit	(16 X 8 bit)          RAMs := 2     
+---Muxes : 
	   2 Input   32 Bit        Muxes := 1     
	   4 Input   32 Bit        Muxes := 1     
	   2 Input   16 Bit        Muxes := 1     
	   2 Input    8 Bit        Muxes := 2     
	   3 Input    4 Bit        Muxes := 2     
	   2 Input    4 Bit        Muxes := 5     
	   2 Input    2 Bit        Muxes := 6     
	   4 Input    2 Bit        Muxes := 1     
	   2 Input    1 Bit        Muxes := 15    
	  11 Input    1 Bit        Muxes := 7     
	   4 Input    1 Bit        Muxes := 1     
	   3 Input    1 Bit        Muxes := 5     
---------------------------------------------------------------------------------
Finished RTL Component Statistics 
---------------------------------------------------------------------------------
---------------------------------------------------------------------------------
Start Part Resource Summary
---------------------------------------------------------------------------------
Part Resources:
DSPs: 240 (col length:80)
BRAMs: 270 (col length: RAMB18 80 RAMB36 40)
---------------------------------------------------------------------------------
Finished Part Resource Summary
---------------------------------------------------------------------------------
---------------------------------------------------------------------------------
Start Cross Boundary and Area Optimization
---------------------------------------------------------------------------------
---------------------------------------------------------------------------------
Finished Cross Boundary and Area Optimization : Time (s): cpu = 00:00:08 ; elapsed = 00:00:10 . Memory (MB): peak = 2308.398 ; gain = 7.938 ; free physical = 18822 ; free virtual = 27724
---------------------------------------------------------------------------------
---------------------------------------------------------------------------------
Start ROM, RAM, DSP, Shift Register and Retiming Reporting
---------------------------------------------------------------------------------

Distributed RAM: Preliminary Mapping	Report (see note below)
+-------------+-----------------+-----------+----------------------+-------------+
|Module Name  | RTL Object      | Inference | Size (Depth x Width) | Primitives  | 
+-------------+-----------------+-----------+----------------------+-------------+
|riscv_UART_0 | inst/rx_buf_reg | Implied   | 16 x 8               | RAM32M x 2	 | 
|riscv_UART_0 | inst/tx_buf_reg | Implied   | 16 x 8               | RAM32M x 2	 | 
+-------------+-----------------+-----------+----------------------+-------------+

Note: The table above is a preliminary report that shows the Distributed RAMs at the current stage of the synthesis flow. Some Distributed RAMs may be reimplemented as non Distributed RAM primitives later in the synthesis flow. Multiple instantiated RAMs are reported only once.
---------------------------------------------------------------------------------
Finished ROM, RAM, DSP, Shift Register and Retiming Reporting
---------------------------------------------------------------------------------
---------------------------------------------------------------------------------
Start Applying XDC Timing Constraints
---------------------------------------------------------------------------------
---------------------------------------------------------------------------------
Finished Applying XDC Timing Constraints : Time (s): cpu = 00:00:11 ; elapsed = 00:00:13 . Memory (MB): peak = 2308.398 ; gain = 7.938 ; free physical = 18704 ; free virtual = 27605
---------------------------------------------------------------------------------
---------------------------------------------------------------------------------
Start Timing Optimization
---------------------------------------------------------------------------------
---------------------------------------------------------------------------------
Finished Timing Optimization : Time (s): cpu = 00:00:11 ; elapsed = 00:00:13 . Memory (MB): peak = 2308.398 ; gain = 7.938 ; free physical = 18704 ; free virtual = 27605
---------------------------------------------------------------------------------
---------------------------------------------------------------------------------
Start ROM, RAM, DSP, Shift Register and Retiming Reporting
---------------------------------------------------------------------------------

Distributed RAM: Final Mapping	Report
+-------------+-----------------+-----------+----------------------+-------------+
|Module Name  | RTL Object      | Inference | Size (Depth x Width) | Primitives  | 
+-------------+-----------------+-----------+----------------------+-------------+
|riscv_UART_0 | inst/rx_buf_reg | Implied   | 16 x 8               | RAM32M x 2	 | 
|riscv_UART_0 | inst/tx_buf_reg | Implied   | 16 x 8               | RAM32M x 2	 | 
+-------------+-----------------+-----------+----------------------+-------------+

---------------------------------------------------------------------------------
Finished ROM, RAM, DSP, Shift Register and Retiming Reporting
---------------------------------------------------------------------------------
---------------------------------------------------------------------------------
Start Technology Mapping
---------------------------------------------------------------------------------
---------------------------------------------------------------------------------
Finished Technology Mapping : Time (s): cpu = 00:00:11 ; elapsed = 00:00:13 . Memory (MB): peak = 2308.398 ; gain = 7.938 ; free physical = 18701 ; free virtual = 27602
---------------------------------------------------------------------------------
---------------------------------------------------------------------------------
Start IO Insertion
---------------------------------------------------------------------------------
---------------------------------------------------------------------------------
Start Flattening Before IO Insertion
---------------------------------------------------------------------------------
---------------------------------------------------------------------------------
Finished Flattening Before IO Insertion
---------------------------------------------------------------------------------
---------------------------------------------------------------------------------
Start Final Netlist Cleanup
---------------------------------------------------------------------------------
---------------------------------------------------------------------------------
Finished Final Netlist Cleanup
---------------------------------------------------------------------------------
---------------------------------------------------------------------------------
Finished IO Insertion : Time (s): cpu = 00:00:13 ; elapsed = 00:00:14 . Memory (MB): peak = 2308.398 ; gain = 7.938 ; free physical = 18701 ; free virtual = 27603
---------------------------------------------------------------------------------
---------------------------------------------------------------------------------
Start Renaming Generated Instances
---------------------------------------------------------------------------------
---------------------------------------------------------------------------------
Finished Renaming Generated Instances : Time (s): cpu = 00:00:13 ; elapsed = 00:00:14 . Memory (MB): peak = 2308.398 ; gain = 7.938 ; free physical = 18701 ; free virtual = 27603
---------------------------------------------------------------------------------
---------------------------------------------------------------------------------
Start Rebuilding User Hierarchy
---------------------------------------------------------------------------------
---------------------------------------------------------------------------------
Finished Rebuilding User Hierarchy : Time (s): cpu = 00:00:13 ; elapsed = 00:00:14 . Memory (MB): peak = 2308.398 ; gain = 7.938 ; free physical = 18701 ; free virtual = 27603
---------------------------------------------------------------------------------
---------------------------------------------------------------------------------
Start Renaming Generated Ports
---------------------------------------------------------------------------------
---------------------------------------------------------------------------------
Finished Renaming Generated Ports : Time (s): cpu = 00:00:13 ; elapsed = 00:00:14 . Memory (MB): peak = 2308.398 ; gain = 7.938 ; free physical = 18701 ; free virtual = 27603
---------------------------------------------------------------------------------
---------------------------------------------------------------------------------
Start Handling Custom Attributes
---------------------------------------------------------------------------------
---------------------------------------------------------------------------------
Finished Handling Custom Attributes : Time (s): cpu = 00:00:13 ; elapsed = 00:00:14 . Memory (MB): peak = 2308.398 ; gain = 7.938 ; free physical = 18701 ; free virtual = 27603
---------------------------------------------------------------------------------
---------------------------------------------------------------------------------
Start Renaming Generated Nets
---------------------------------------------------------------------------------
---------------------------------------------------------------------------------
Finished Renaming Generated Nets : Time (s): cpu = 00:00:13 ; elapsed = 00:00:14 . Memory (MB): peak = 2308.398 ; gain = 7.938 ; free physical = 18701 ; free virtual = 27603
---------------------------------------------------------------------------------
---------------------------------------------------------------------------------
Start Writing Synthesis Report
---------------------------------------------------------------------------------

Report BlackBoxes: 
+-+--------------+----------+
| |BlackBox name |Instances |
+-+--------------+----------+
+-+--------------+----------+

Report Cell Usage: 
+------+-------+------+
|      |Cell   |Count |
+------+-------+------+
|1     |CARRY4 |     8|
|2     |LUT1   |     6|
|3     |LUT2   |    28|
|4     |LUT3   |    39|
|5     |LUT4   |    35|
|6     |LUT5   |    25|
|7     |LUT6   |    40|
|8     |RAM32M |     4|
|9     |FDRE   |   149|
|10    |FDSE   |     3|
+------+-------+------+
---------------------------------------------------------------------------------
Finished Writing Synthesis Report : Time (s): cpu = 00:00:13 ; elapsed = 00:00:14 . Memory (MB): peak = 2308.398 ; gain = 7.938 ; free physical = 18701 ; free virtual = 27603
---------------------------------------------------------------------------------
Synthesis finished with 0 errors, 0 critical warnings and 0 warnings.
Synthesis Optimization Runtime : Time (s): cpu = 00:00:12 ; elapsed = 00:00:13 . Memory (MB): peak = 2308.398 ; gain = 0.000 ; free physical = 18752 ; free virtual = 27653
Synthesis Optimization Complete : Time (s): cpu = 00:00:13 ; elapsed = 00:00:14 . Memory (MB): peak = 2308.406 ; gain = 7.938 ; free physical = 18752 ; free virtual = 27653
INFO: [Project 1-571] Translating synthesized netlist
Netlist sorting complete. Time (s): cpu = 00:00:00 ; elapsed = 00:00:00 . Memory (MB): peak = 2308.406 ; gain = 0.000 ; free physical = 18842 ; free virtual = 27743
INFO: [Netlist 29-17] Analyzing 12 Unisim elements for replacement
INFO: [Netlist 29-28] Unisim Transformation completed in 0 CPU seconds
INFO: [Project 1-570] Preparing netlist for logic optimization
INFO: [Opt 31-138] Pushed 0 inverter(s) to 0 load pin(s).
Netlist sorting complete. Time (s): cpu = 00:00:00 ; elapsed = 00:00:00 . Memory (MB): peak = 2308.406 ; gain = 0.000 ; free physical = 18789 ; free virtual = 27690
INFO: [Project 1-111] Unisim Transformation Summary:
  A total of 4 instances were transformed.
  RAM32M => RAM32M (RAMD32(x6), RAMS32(x2)): 4 instances

INFO: [Common 17-83] Releasing license: Synthesis
22 Infos, 1 Warnings, 0 Critical Warnings and 0 Errors encountered.
synth_design completed successfully
synth_design: Time (s): cpu = 00:00:18 ; elapsed = 00:00:18 . Memory (MB): peak = 2308.406 ; gain = 8.012 ; free physical = 18846 ; free virtual = 27747
INFO: [Common 17-600] The following parameters have non-default value.
general.maxThreads
INFO: [Common 17-1381] The checkpoint '/mnt/d/vivado-risc-v/workspace/rocket64b1/vivado-nexys-a7-100t-riscv/nexys-a7-100t-riscv.runs/riscv_UART_0_synth_1/riscv_UART_0.dcp' has been generated.
WARNING: [Common 17-576] 'use_project_ipc' is deprecated. This option is deprecated and no longer used.
INFO: [Common 17-1381] The checkpoint '/mnt/d/vivado-risc-v/workspace/rocket64b1/vivado-nexys-a7-100t-riscv/nexys-a7-100t-riscv.runs/riscv_UART_0_synth_1/riscv_UART_0.dcp' has been generated.
INFO: [runtcl-4] Executing : report_utilization -file riscv_UART_0_utilization_synth.rpt -pb riscv_UART_0_utilization_synth.pb
INFO: [Common 17-206] Exiting Vivado at Tue Nov 15 19:23:43 2022...
